This is XeTeX, Version 3.141592653-2.6-0.999994 (MiKTeX 22.8.28) (preloaded format=xelatex 2022.9.21)  27 NOV 2023 00:00
entering extended mode
 restricted \write18 enabled.
 %&-line parsing enabled.
**./「知识小料」·其十一.tex
(「知识小料」·其十一.tex
LaTeX2e <2022-06-01> patch level 5
L3 programming layer <2022-08-30>
(C:\Users\黄朗\AppData\Local\Programs\MiKTeX\tex/latex/ctex\ctexart.cls
(C:\Users\黄朗\AppData\Local\Programs\MiKTeX\tex/latex/ctex/config\ctexbackend.cf
g
File: ctexbackend.cfg 2022/07/14 v2.5.10 Backend configuration file (CTEX)
) (C:\Users\黄朗\AppData\Local\Programs\MiKTeX\tex/latex/l3kernel\expl3.sty
Package: expl3 2022-08-30 L3 programming layer (loader) 

(C:\Users\黄朗\AppData\Local\Programs\MiKTeX\tex/latex/l3backend\l3backend-xetex.
def
File: l3backend-xetex.def 2022-08-30 L3 backend support: XeTeX
\g__graphics_track_int=\count181
\l__pdf_internal_box=\box51
\g__pdf_backend_object_int=\count182
\g__pdf_backend_annotation_int=\count183
\g__pdf_backend_link_int=\count184
))
Document Class: ctexart 2022/07/14 v2.5.10 Chinese adapter for class article (C
TEX)
(C:\Users\黄朗\AppData\Local\Programs\MiKTeX\tex/latex/ctex\ctexhook.sty
Package: ctexhook 2022/07/14 v2.5.10 Document and package hooks (CTEX)
)
(C:\Users\黄朗\AppData\Local\Programs\MiKTeX\tex/latex/ctex\ctexpatch.sty
Package: ctexpatch 2022/07/14 v2.5.10 Patching commands (CTEX)
)
(C:\Users\黄朗\AppData\Local\Programs\MiKTeX\tex/latex/base\fix-cm.sty
Package: fix-cm 2020/11/24 v1.1t fixes to LaTeX

(C:\Users\黄朗\AppData\Local\Programs\MiKTeX\tex/latex/base\ts1enc.def
File: ts1enc.def 2001/06/05 v3.0e (jk/car/fm) Standard LaTeX file
LaTeX Font Info:    Redeclaring font encoding TS1 on input line 47.
))
\l__ctex_tmp_int=\count185
\l__ctex_tmp_box=\box52
\l__ctex_tmp_dim=\dimen138
\g__ctex_section_depth_int=\count186
\g__ctex_font_size_int=\count187

(C:\Users\黄朗\AppData\Local\Programs\MiKTeX\tex/latex/ctex/config\ctexopts.cfg
File: ctexopts.cfg 2022/07/14 v2.5.10 Option configuration file (CTEX)
)
(C:\Users\黄朗\AppData\Local\Programs\MiKTeX\tex/latex/base\article.cls
Document Class: article 2021/10/04 v1.4n Standard LaTeX document class
(C:\Users\黄朗\AppData\Local\Programs\MiKTeX\tex/latex/base\size10.clo
File: size10.clo 2021/10/04 v1.4n Standard LaTeX file (size option)
)
\c@part=\count188
\c@section=\count189
\c@subsection=\count190
\c@subsubsection=\count191
\c@paragraph=\count192
\c@subparagraph=\count193
\c@figure=\count194
\c@table=\count195
\abovecaptionskip=\skip47
\belowcaptionskip=\skip48
\bibindent=\dimen139
)
(C:\Users\黄朗\AppData\Local\Programs\MiKTeX\tex/latex/ctex/engine\ctex-engine-xe
tex.def
File: ctex-engine-xetex.def 2022/07/14 v2.5.10 XeLaTeX adapter (CTEX)
 (C:\Users\黄朗\AppData\Local\Programs\MiKTeX\tex/xelatex/xecjk\xeCJK.sty
Package: xeCJK 2022/08/05 v3.9.1 Typesetting CJK scripts with XeLaTeX

(C:\Users\黄朗\AppData\Local\Programs\MiKTeX\tex/latex/l3packages/xtemplate\xtemp
late.sty
Package: xtemplate 2022-06-22 L3 Experimental prototype document functions
\l__xtemplate_tmp_dim=\dimen140
\l__xtemplate_tmp_int=\count196
\l__xtemplate_tmp_muskip=\muskip16
\l__xtemplate_tmp_skip=\skip49
)
\l__xeCJK_tmp_int=\count197
\l__xeCJK_tmp_box=\box53
\l__xeCJK_tmp_dim=\dimen141
\l__xeCJK_tmp_skip=\skip50
\g__xeCJK_space_factor_int=\count198
\l__xeCJK_begin_int=\count199
\l__xeCJK_end_int=\count266
\c__xeCJK_CJK_class_int=\XeTeXcharclass1
\c__xeCJK_FullLeft_class_int=\XeTeXcharclass2
\c__xeCJK_FullRight_class_int=\XeTeXcharclass3
\c__xeCJK_HalfLeft_class_int=\XeTeXcharclass4
\c__xeCJK_HalfRight_class_int=\XeTeXcharclass5
\c__xeCJK_NormalSpace_class_int=\XeTeXcharclass6
\c__xeCJK_CM_class_int=\XeTeXcharclass7
\c__xeCJK_HangulJamo_class_int=\XeTeXcharclass8
\l__xeCJK_last_skip=\skip51
\c__xeCJK_none_node=\count267
\g__xeCJK_node_int=\count268
\c__xeCJK_CJK_node_dim=\dimen142
\c__xeCJK_CJK-space_node_dim=\dimen143
\c__xeCJK_default_node_dim=\dimen144
\c__xeCJK_CJK-widow_node_dim=\dimen145
\c__xeCJK_normalspace_node_dim=\dimen146
\c__xeCJK_default-space_node_skip=\skip52
\l__xeCJK_ccglue_skip=\skip53
\l__xeCJK_ecglue_skip=\skip54
\l__xeCJK_punct_kern_skip=\skip55
\l__xeCJK_indent_box=\box54
\l__xeCJK_last_penalty_int=\count269
\l__xeCJK_last_bound_dim=\dimen147
\l__xeCJK_last_kern_dim=\dimen148
\l__xeCJK_widow_penalty_int=\count270

Package xtemplate Info: Declaring object type 'xeCJK/punctuation' taking 0
(xtemplate)             argument(s) on line 2396.

\l__xeCJK_fixed_punct_width_dim=\dimen149
\l__xeCJK_mixed_punct_width_dim=\dimen150
\l__xeCJK_middle_punct_width_dim=\dimen151
\l__xeCJK_fixed_margin_width_dim=\dimen152
\l__xeCJK_mixed_margin_width_dim=\dimen153
\l__xeCJK_middle_margin_width_dim=\dimen154
\l__xeCJK_bound_punct_width_dim=\dimen155
\l__xeCJK_bound_margin_width_dim=\dimen156
\l__xeCJK_margin_minimum_dim=\dimen157
\l__xeCJK_kerning_total_width_dim=\dimen158
\l__xeCJK_same_align_margin_dim=\dimen159
\l__xeCJK_different_align_margin_dim=\dimen160
\l__xeCJK_kerning_margin_width_dim=\dimen161
\l__xeCJK_kerning_margin_minimum_dim=\dimen162
\l__xeCJK_bound_dim=\dimen163
\l__xeCJK_reverse_bound_dim=\dimen164
\l__xeCJK_margin_dim=\dimen165
\l__xeCJK_minimum_bound_dim=\dimen166
\l__xeCJK_kerning_margin_dim=\dimen167
\g__xeCJK_family_int=\count271
\l__xeCJK_fam_int=\count272
\g__xeCJK_fam_allocation_int=\count273
\l__xeCJK_verb_case_int=\count274
\l__xeCJK_verb_exspace_skip=\skip56

(C:\Users\黄朗\AppData\Local\Programs\MiKTeX\tex/latex/fontspec\fontspec.sty
(C:\Users\黄朗\AppData\Local\Programs\MiKTeX\tex/latex/l3packages/xparse\xparse.s
ty
Package: xparse 2022-06-22 L3 Experimental document command parser
)
Package: fontspec 2022/01/15 v2.8a Font selection for XeLaTeX and LuaLaTeX

(C:\Users\黄朗\AppData\Local\Programs\MiKTeX\tex/latex/fontspec\fontspec-xetex.st
y
Package: fontspec-xetex 2022/01/15 v2.8a Font selection for XeLaTeX and LuaLaTe
X
\l__fontspec_script_int=\count275
\l__fontspec_language_int=\count276
\l__fontspec_strnum_int=\count277
\l__fontspec_tmp_int=\count278
\l__fontspec_tmpa_int=\count279
\l__fontspec_tmpb_int=\count280
\l__fontspec_tmpc_int=\count281
\l__fontspec_em_int=\count282
\l__fontspec_emdef_int=\count283
\l__fontspec_strong_int=\count284
\l__fontspec_strongdef_int=\count285
\l__fontspec_tmpa_dim=\dimen168
\l__fontspec_tmpb_dim=\dimen169
\l__fontspec_tmpc_dim=\dimen170
 (C:\Users\黄朗\AppData\Local\Programs\MiKTeX\tex/latex/base\fontenc.sty
Package: fontenc 2021/04/29 v2.0v Standard LaTeX package
)
(C:\Users\黄朗\AppData\Local\Programs\MiKTeX\tex/latex/fontspec\fontspec.cfg)))
(C:\Users\黄朗\AppData\Local\Programs\MiKTeX\tex/xelatex/xecjk\xeCJK.cfg
File: xeCJK.cfg 2022/08/05 v3.9.1 Configuration file for xeCJK package
))
\ccwd=\dimen171
\l__ctex_ccglue_skip=\skip57
)
\l__ctex_ziju_dim=\dimen172

(C:\Users\黄朗\AppData\Local\Programs\MiKTeX\tex/latex/zhnumber\zhnumber.sty
Package: zhnumber 2022/07/14 v3.0 Typesetting numbers with Chinese glyphs
\l__zhnum_scale_int=\count286
\l__zhnum_tmp_int=\count287

(C:\Users\黄朗\AppData\Local\Programs\MiKTeX\tex/latex/zhnumber\zhnumber-utf8.cfg
File: zhnumber-utf8.cfg 2022/07/14 v3.0 Chinese numerals with UTF8 encoding
))
\l__ctex_heading_skip=\skip58

(C:\Users\黄朗\AppData\Local\Programs\MiKTeX\tex/latex/ctex/scheme\ctex-scheme-ch
inese-article.def
File: ctex-scheme-chinese-article.def 2022/07/14 v2.5.10 Chinese scheme for art
icle (CTEX)

(C:\Users\黄朗\AppData\Local\Programs\MiKTeX\tex/latex/ctex/config\ctex-name-utf8
.cfg
File: ctex-name-utf8.cfg 2022/07/14 v2.5.10 Caption with encoding UTF-8 (CTEX)
))
(C:\Users\黄朗\AppData\Local\Programs\MiKTeX\tex/latex/ctex\ctex-c5size.clo
File: ctex-c5size.clo 2022/07/14 v2.5.10 c5size option (CTEX)
)
(C:\Users\黄朗\AppData\Local\Programs\MiKTeX\tex/latex/ctex/fontset\ctex-fontset-
windows.def
File: ctex-fontset-windows.def 2022/07/14 v2.5.10 Windows fonts definition (CTE
X)

Package fontspec Info: Could not resolve font "KaiTi/B" (it probably doesn't
(fontspec)             exist).


Package fontspec Info: Could not resolve font "SimHei/I" (it probably doesn't
(fontspec)             exist).


Package fontspec Info: Could not resolve font "SimSun/BI" (it probably doesn't
(fontspec)             exist).


Package fontspec Info: Font family 'SimSun(0)' created for font 'SimSun' with
(fontspec)             options
(fontspec)             [Script={CJK},BoldFont={SimHei},ItalicFont={KaiTi}].
(fontspec)              
(fontspec)              This font family consists of the following NFSS
(fontspec)             series/shapes:
(fontspec)              
(fontspec)             - 'normal' (m/n) with NFSS spec.:
(fontspec)             <->"SimSun/OT:script=hani;language=dflt;"
(fontspec)             - 'small caps'  (m/sc) with NFSS spec.: 
(fontspec)             - 'bold' (b/n) with NFSS spec.:
(fontspec)             <->"SimHei/OT:script=hani;language=dflt;"
(fontspec)             - 'bold small caps'  (b/sc) with NFSS spec.: 
(fontspec)             - 'italic' (m/it) with NFSS spec.:
(fontspec)             <->"KaiTi/OT:script=hani;language=dflt;"
(fontspec)             - 'italic small caps'  (m/scit) with NFSS spec.: 

))
(C:\Users\黄朗\AppData\Local\Programs\MiKTeX\tex/latex/ctex/config\ctex.cfg
File: ctex.cfg 2022/07/14 v2.5.10 Configuration file (CTEX)
)
(C:\Users\黄朗\AppData\Local\Programs\MiKTeX\tex/latex/amsmath\amsmath.sty
Package: amsmath 2022/04/08 v2.17n AMS math features
\@mathmargin=\skip59

For additional information on amsmath, use the `?' option.
(C:\Users\黄朗\AppData\Local\Programs\MiKTeX\tex/latex/amsmath\amstext.sty
Package: amstext 2021/08/26 v2.01 AMS text

(C:\Users\黄朗\AppData\Local\Programs\MiKTeX\tex/latex/amsmath\amsgen.sty
File: amsgen.sty 1999/11/30 v2.0 generic functions
\@emptytoks=\toks16
\ex@=\dimen173
))
(C:\Users\黄朗\AppData\Local\Programs\MiKTeX\tex/latex/amsmath\amsbsy.sty
Package: amsbsy 1999/11/29 v1.2d Bold Symbols
\pmbraise@=\dimen174
)
(C:\Users\黄朗\AppData\Local\Programs\MiKTeX\tex/latex/amsmath\amsopn.sty
Package: amsopn 2022/04/08 v2.04 operator names
)
\inf@bad=\count288
LaTeX Info: Redefining \frac on input line 234.
\uproot@=\count289
\leftroot@=\count290
LaTeX Info: Redefining \overline on input line 399.
LaTeX Info: Redefining \colon on input line 410.
\classnum@=\count291
\DOTSCASE@=\count292
LaTeX Info: Redefining \ldots on input line 496.
LaTeX Info: Redefining \dots on input line 499.
LaTeX Info: Redefining \cdots on input line 620.
\Mathstrutbox@=\box55
\strutbox@=\box56
LaTeX Info: Redefining \big on input line 722.
LaTeX Info: Redefining \Big on input line 723.
LaTeX Info: Redefining \bigg on input line 724.
LaTeX Info: Redefining \Bigg on input line 725.
\big@size=\dimen175
LaTeX Font Info:    Redeclaring font encoding OML on input line 743.
LaTeX Font Info:    Redeclaring font encoding OMS on input line 744.
\macc@depth=\count293
LaTeX Info: Redefining \bmod on input line 905.
LaTeX Info: Redefining \pmod on input line 910.
LaTeX Info: Redefining \smash on input line 940.
LaTeX Info: Redefining \relbar on input line 970.
LaTeX Info: Redefining \Relbar on input line 971.
\c@MaxMatrixCols=\count294
\dotsspace@=\muskip17
\c@parentequation=\count295
\dspbrk@lvl=\count296
\tag@help=\toks17
\row@=\count297
\column@=\count298
\maxfields@=\count299
\andhelp@=\toks18
\eqnshift@=\dimen176
\alignsep@=\dimen177
\tagshift@=\dimen178
\tagwidth@=\dimen179
\totwidth@=\dimen180
\lineht@=\dimen181
\@envbody=\toks19
\multlinegap=\skip60
\multlinetaggap=\skip61
\mathdisplay@stack=\toks20
LaTeX Info: Redefining \[ on input line 2953.
LaTeX Info: Redefining \] on input line 2954.
)
(C:\Users\黄朗\AppData\Local\Programs\MiKTeX\tex/latex/amsfonts\amssymb.sty
Package: amssymb 2013/01/14 v3.01 AMS font symbols

(C:\Users\黄朗\AppData\Local\Programs\MiKTeX\tex/latex/amsfonts\amsfonts.sty
Package: amsfonts 2013/01/14 v3.01 Basic AMSFonts support
\symAMSa=\mathgroup4
\symAMSb=\mathgroup5
LaTeX Font Info:    Redeclaring math symbol \hbar on input line 98.
LaTeX Font Info:    Overwriting math alphabet `\mathfrak' in version `bold'
(Font)                  U/euf/m/n --> U/euf/b/n on input line 106.
))
(C:\Users\黄朗\AppData\Local\Programs\MiKTeX\tex/latex/background\background.sty
Package: background 2014/03/04 v2.1 background material

(C:\Users\黄朗\AppData\Local\Programs\MiKTeX\tex/latex/xkeyval\xkeyval.sty
Package: xkeyval 2022/06/16 v2.9 package option processing (HA)

(C:\Users\黄朗\AppData\Local\Programs\MiKTeX\tex/generic/xkeyval\xkeyval.tex
(C:\Users\黄朗\AppData\Local\Programs\MiKTeX\tex/generic/xkeyval\xkvutils.tex
\XKV@toks=\toks21
\XKV@tempa@toks=\toks22

(C:\Users\黄朗\AppData\Local\Programs\MiKTeX\tex/generic/xkeyval\keyval.tex))
\XKV@depth=\count300
File: xkeyval.tex 2014/12/03 v2.7a key=value parser (HA)
))
(C:\Users\黄朗\AppData\Local\Programs\MiKTeX\tex/latex/pgf/frontendlayer\tikz.sty
(C:\Users\黄朗\AppData\Local\Programs\MiKTeX\tex/latex/pgf/basiclayer\pgf.sty
(C:\Users\黄朗\AppData\Local\Programs\MiKTeX\tex/latex/pgf/utilities\pgfrcs.sty
(C:\Users\黄朗\AppData\Local\Programs\MiKTeX\tex/generic/pgf/utilities\pgfutil-co
mmon.tex
\pgfutil@everybye=\toks23
\pgfutil@tempdima=\dimen182
\pgfutil@tempdimb=\dimen183

(C:\Users\黄朗\AppData\Local\Programs\MiKTeX\tex/generic/pgf/utilities\pgfutil-co
mmon-lists.tex))
(C:\Users\黄朗\AppData\Local\Programs\MiKTeX\tex/generic/pgf/utilities\pgfutil-la
tex.def
\pgfutil@abb=\box57
)
(C:\Users\黄朗\AppData\Local\Programs\MiKTeX\tex/generic/pgf/utilities\pgfrcs.cod
e.tex
(C:\Users\黄朗\AppData\Local\Programs\MiKTeX\tex/generic/pgf\pgf.revision.tex)
Package: pgfrcs 2021/05/15 v3.1.9a (3.1.9a)
))
Package: pgf 2021/05/15 v3.1.9a (3.1.9a)

(C:\Users\黄朗\AppData\Local\Programs\MiKTeX\tex/latex/pgf/basiclayer\pgfcore.sty
(C:\Users\黄朗\AppData\Local\Programs\MiKTeX\tex/latex/graphics\graphicx.sty
Package: graphicx 2021/09/16 v1.2d Enhanced LaTeX Graphics (DPC,SPQR)

(C:\Users\黄朗\AppData\Local\Programs\MiKTeX\tex/latex/graphics\graphics.sty
Package: graphics 2022/03/10 v1.4e Standard LaTeX Graphics (DPC,SPQR)

(C:\Users\黄朗\AppData\Local\Programs\MiKTeX\tex/latex/graphics\trig.sty
Package: trig 2021/08/11 v1.11 sin cos tan (DPC)
)
(C:\Users\黄朗\AppData\Local\Programs\MiKTeX\tex/latex/graphics-cfg\graphics.cfg
File: graphics.cfg 2016/06/04 v1.11 sample graphics configuration
)
Package graphics Info: Driver file: xetex.def on input line 107.
(C:\Users\黄朗\AppData\Local\Programs\MiKTeX\tex/latex/graphics-def\xetex.def
File: xetex.def 2022/04/16 v5.0m Graphics/color driver for xetex
))
\Gin@req@height=\dimen184
\Gin@req@width=\dimen185
)
(C:\Users\黄朗\AppData\Local\Programs\MiKTeX\tex/latex/pgf/systemlayer\pgfsys.sty

(C:\Users\黄朗\AppData\Local\Programs\MiKTeX\tex/generic/pgf/systemlayer\pgfsys.c
ode.tex
Package: pgfsys 2021/05/15 v3.1.9a (3.1.9a)

(C:\Users\黄朗\AppData\Local\Programs\MiKTeX\tex/generic/pgf/utilities\pgfkeys.co
de.tex
\pgfkeys@pathtoks=\toks24
\pgfkeys@temptoks=\toks25

(C:\Users\黄朗\AppData\Local\Programs\MiKTeX\tex/generic/pgf/utilities\pgfkeysfil
tered.code.tex
\pgfkeys@tmptoks=\toks26
))
\pgf@x=\dimen186
\pgf@y=\dimen187
\pgf@xa=\dimen188
\pgf@ya=\dimen189
\pgf@xb=\dimen190
\pgf@yb=\dimen191
\pgf@xc=\dimen192
\pgf@yc=\dimen193
\pgf@xd=\dimen194
\pgf@yd=\dimen195
\w@pgf@writea=\write3
\r@pgf@reada=\read2
\c@pgf@counta=\count301
\c@pgf@countb=\count302
\c@pgf@countc=\count303
\c@pgf@countd=\count304
\t@pgf@toka=\toks27
\t@pgf@tokb=\toks28
\t@pgf@tokc=\toks29
\pgf@sys@id@count=\count305

(C:\Users\黄朗\AppData\Local\Programs\MiKTeX\tex/generic/pgf/systemlayer\pgf.cfg
File: pgf.cfg 2021/05/15 v3.1.9a (3.1.9a)
)
Driver file for pgf: pgfsys-xetex.def

(C:\Users\黄朗\AppData\Local\Programs\MiKTeX\tex/generic/pgf/systemlayer\pgfsys-x
etex.def
File: pgfsys-xetex.def 2021/05/15 v3.1.9a (3.1.9a)

(C:\Users\黄朗\AppData\Local\Programs\MiKTeX\tex/generic/pgf/systemlayer\pgfsys-d
vipdfmx.def
File: pgfsys-dvipdfmx.def 2021/05/15 v3.1.9a (3.1.9a)

(C:\Users\黄朗\AppData\Local\Programs\MiKTeX\tex/generic/pgf/systemlayer\pgfsys-c
ommon-pdf.def
File: pgfsys-common-pdf.def 2021/05/15 v3.1.9a (3.1.9a)
)
\pgfsys@objnum=\count306
)))
(C:\Users\黄朗\AppData\Local\Programs\MiKTeX\tex/generic/pgf/systemlayer\pgfsysso
ftpath.code.tex
File: pgfsyssoftpath.code.tex 2021/05/15 v3.1.9a (3.1.9a)
\pgfsyssoftpath@smallbuffer@items=\count307
\pgfsyssoftpath@bigbuffer@items=\count308
)
(C:\Users\黄朗\AppData\Local\Programs\MiKTeX\tex/generic/pgf/systemlayer\pgfsyspr
otocol.code.tex
File: pgfsysprotocol.code.tex 2021/05/15 v3.1.9a (3.1.9a)
))
(C:\Users\黄朗\AppData\Local\Programs\MiKTeX\tex/latex/xcolor\xcolor.sty
Package: xcolor 2022/06/12 v2.14 LaTeX color extensions (UK)

(C:\Users\黄朗\AppData\Local\Programs\MiKTeX\tex/latex/graphics-cfg\color.cfg
File: color.cfg 2016/01/02 v1.6 sample color configuration
)
Package xcolor Info: Driver file: xetex.def on input line 227.

(C:\Users\黄朗\AppData\Local\Programs\MiKTeX\tex/latex-dev/graphics\mathcolor.ltx
)
Package xcolor Info: Model `cmy' substituted by `cmy0' on input line 1353.
Package xcolor Info: Model `RGB' extended on input line 1369.
Package xcolor Info: Model `HTML' substituted by `rgb' on input line 1371.
Package xcolor Info: Model `Hsb' substituted by `hsb' on input line 1372.
Package xcolor Info: Model `tHsb' substituted by `hsb' on input line 1373.
Package xcolor Info: Model `HSB' substituted by `hsb' on input line 1374.
Package xcolor Info: Model `Gray' substituted by `gray' on input line 1375.
Package xcolor Info: Model `wave' substituted by `hsb' on input line 1376.
)
(C:\Users\黄朗\AppData\Local\Programs\MiKTeX\tex/generic/pgf/basiclayer\pgfcore.c
ode.tex
Package: pgfcore 2021/05/15 v3.1.9a (3.1.9a)

(C:\Users\黄朗\AppData\Local\Programs\MiKTeX\tex/generic/pgf/math\pgfmath.code.te
x
(C:\Users\黄朗\AppData\Local\Programs\MiKTeX\tex/generic/pgf/math\pgfmathcalc.cod
e.tex
(C:\Users\黄朗\AppData\Local\Programs\MiKTeX\tex/generic/pgf/math\pgfmathutil.cod
e.tex)
(C:\Users\黄朗\AppData\Local\Programs\MiKTeX\tex/generic/pgf/math\pgfmathparser.c
ode.tex
\pgfmath@dimen=\dimen196
\pgfmath@count=\count309
\pgfmath@box=\box58
\pgfmath@toks=\toks30
\pgfmath@stack@operand=\toks31
\pgfmath@stack@operation=\toks32
)
(C:\Users\黄朗\AppData\Local\Programs\MiKTeX\tex/generic/pgf/math\pgfmathfunction
s.code.tex
(C:\Users\黄朗\AppData\Local\Programs\MiKTeX\tex/generic/pgf/math\pgfmathfunction
s.basic.code.tex)
(C:\Users\黄朗\AppData\Local\Programs\MiKTeX\tex/generic/pgf/math\pgfmathfunction
s.trigonometric.code.tex)
(C:\Users\黄朗\AppData\Local\Programs\MiKTeX\tex/generic/pgf/math\pgfmathfunction
s.random.code.tex)
(C:\Users\黄朗\AppData\Local\Programs\MiKTeX\tex/generic/pgf/math\pgfmathfunction
s.comparison.code.tex)
(C:\Users\黄朗\AppData\Local\Programs\MiKTeX\tex/generic/pgf/math\pgfmathfunction
s.base.code.tex)
(C:\Users\黄朗\AppData\Local\Programs\MiKTeX\tex/generic/pgf/math\pgfmathfunction
s.round.code.tex)
(C:\Users\黄朗\AppData\Local\Programs\MiKTeX\tex/generic/pgf/math\pgfmathfunction
s.misc.code.tex)
(C:\Users\黄朗\AppData\Local\Programs\MiKTeX\tex/generic/pgf/math\pgfmathfunction
s.integerarithmetics.code.tex)))
(C:\Users\黄朗\AppData\Local\Programs\MiKTeX\tex/generic/pgf/math\pgfmathfloat.co
de.tex
\c@pgfmathroundto@lastzeros=\count310
))
(C:\Users\黄朗\AppData\Local\Programs\MiKTeX\tex/generic/pgf/math\pgfint.code.tex
)
(C:\Users\黄朗\AppData\Local\Programs\MiKTeX\tex/generic/pgf/basiclayer\pgfcorepo
ints.code.tex
File: pgfcorepoints.code.tex 2021/05/15 v3.1.9a (3.1.9a)
\pgf@picminx=\dimen197
\pgf@picmaxx=\dimen198
\pgf@picminy=\dimen199
\pgf@picmaxy=\dimen256
\pgf@pathminx=\dimen257
\pgf@pathmaxx=\dimen258
\pgf@pathminy=\dimen259
\pgf@pathmaxy=\dimen260
\pgf@xx=\dimen261
\pgf@xy=\dimen262
\pgf@yx=\dimen263
\pgf@yy=\dimen264
\pgf@zx=\dimen265
\pgf@zy=\dimen266
)
(C:\Users\黄朗\AppData\Local\Programs\MiKTeX\tex/generic/pgf/basiclayer\pgfcorepa
thconstruct.code.tex
File: pgfcorepathconstruct.code.tex 2021/05/15 v3.1.9a (3.1.9a)
\pgf@path@lastx=\dimen267
\pgf@path@lasty=\dimen268
)
(C:\Users\黄朗\AppData\Local\Programs\MiKTeX\tex/generic/pgf/basiclayer\pgfcorepa
thusage.code.tex
File: pgfcorepathusage.code.tex 2021/05/15 v3.1.9a (3.1.9a)
\pgf@shorten@end@additional=\dimen269
\pgf@shorten@start@additional=\dimen270
)
(C:\Users\黄朗\AppData\Local\Programs\MiKTeX\tex/generic/pgf/basiclayer\pgfcoresc
opes.code.tex
File: pgfcorescopes.code.tex 2021/05/15 v3.1.9a (3.1.9a)
\pgfpic=\box59
\pgf@hbox=\box60
\pgf@layerbox@main=\box61
\pgf@picture@serial@count=\count311
)
(C:\Users\黄朗\AppData\Local\Programs\MiKTeX\tex/generic/pgf/basiclayer\pgfcoregr
aphicstate.code.tex
File: pgfcoregraphicstate.code.tex 2021/05/15 v3.1.9a (3.1.9a)
\pgflinewidth=\dimen271
)
(C:\Users\黄朗\AppData\Local\Programs\MiKTeX\tex/generic/pgf/basiclayer\pgfcoretr
ansformations.code.tex
File: pgfcoretransformations.code.tex 2021/05/15 v3.1.9a (3.1.9a)
\pgf@pt@x=\dimen272
\pgf@pt@y=\dimen273
\pgf@pt@temp=\dimen274
)
(C:\Users\黄朗\AppData\Local\Programs\MiKTeX\tex/generic/pgf/basiclayer\pgfcorequ
ick.code.tex
File: pgfcorequick.code.tex 2021/05/15 v3.1.9a (3.1.9a)
)
(C:\Users\黄朗\AppData\Local\Programs\MiKTeX\tex/generic/pgf/basiclayer\pgfcoreob
jects.code.tex
File: pgfcoreobjects.code.tex 2021/05/15 v3.1.9a (3.1.9a)
)
(C:\Users\黄朗\AppData\Local\Programs\MiKTeX\tex/generic/pgf/basiclayer\pgfcorepa
thprocessing.code.tex
File: pgfcorepathprocessing.code.tex 2021/05/15 v3.1.9a (3.1.9a)
)
(C:\Users\黄朗\AppData\Local\Programs\MiKTeX\tex/generic/pgf/basiclayer\pgfcorear
rows.code.tex
File: pgfcorearrows.code.tex 2021/05/15 v3.1.9a (3.1.9a)
\pgfarrowsep=\dimen275
)
(C:\Users\黄朗\AppData\Local\Programs\MiKTeX\tex/generic/pgf/basiclayer\pgfcoresh
ade.code.tex
File: pgfcoreshade.code.tex 2021/05/15 v3.1.9a (3.1.9a)
\pgf@max=\dimen276
\pgf@sys@shading@range@num=\count312
\pgf@shadingcount=\count313
)
(C:\Users\黄朗\AppData\Local\Programs\MiKTeX\tex/generic/pgf/basiclayer\pgfcoreim
age.code.tex
File: pgfcoreimage.code.tex 2021/05/15 v3.1.9a (3.1.9a)

(C:\Users\黄朗\AppData\Local\Programs\MiKTeX\tex/generic/pgf/basiclayer\pgfcoreex
ternal.code.tex
File: pgfcoreexternal.code.tex 2021/05/15 v3.1.9a (3.1.9a)
\pgfexternal@startupbox=\box62
))
(C:\Users\黄朗\AppData\Local\Programs\MiKTeX\tex/generic/pgf/basiclayer\pgfcorela
yers.code.tex
File: pgfcorelayers.code.tex 2021/05/15 v3.1.9a (3.1.9a)
)
(C:\Users\黄朗\AppData\Local\Programs\MiKTeX\tex/generic/pgf/basiclayer\pgfcoretr
ansparency.code.tex
File: pgfcoretransparency.code.tex 2021/05/15 v3.1.9a (3.1.9a)
)
(C:\Users\黄朗\AppData\Local\Programs\MiKTeX\tex/generic/pgf/basiclayer\pgfcorepa
tterns.code.tex
File: pgfcorepatterns.code.tex 2021/05/15 v3.1.9a (3.1.9a)
)
(C:\Users\黄朗\AppData\Local\Programs\MiKTeX\tex/generic/pgf/basiclayer\pgfcorerd
f.code.tex
File: pgfcorerdf.code.tex 2021/05/15 v3.1.9a (3.1.9a)
)))
(C:\Users\黄朗\AppData\Local\Programs\MiKTeX\tex/generic/pgf/modules\pgfmodulesha
pes.code.tex
File: pgfmoduleshapes.code.tex 2021/05/15 v3.1.9a (3.1.9a)
\pgfnodeparttextbox=\box63
)
(C:\Users\黄朗\AppData\Local\Programs\MiKTeX\tex/generic/pgf/modules\pgfmoduleplo
t.code.tex
File: pgfmoduleplot.code.tex 2021/05/15 v3.1.9a (3.1.9a)
)
(C:\Users\黄朗\AppData\Local\Programs\MiKTeX\tex/latex/pgf/compatibility\pgfcomp-
version-0-65.sty
Package: pgfcomp-version-0-65 2021/05/15 v3.1.9a (3.1.9a)
\pgf@nodesepstart=\dimen277
\pgf@nodesepend=\dimen278
)
(C:\Users\黄朗\AppData\Local\Programs\MiKTeX\tex/latex/pgf/compatibility\pgfcomp-
version-1-18.sty
Package: pgfcomp-version-1-18 2021/05/15 v3.1.9a (3.1.9a)
))
(C:\Users\黄朗\AppData\Local\Programs\MiKTeX\tex/latex/pgf/utilities\pgffor.sty
(C:\Users\黄朗\AppData\Local\Programs\MiKTeX\tex/latex/pgf/utilities\pgfkeys.sty
(C:\Users\黄朗\AppData\Local\Programs\MiKTeX\tex/generic/pgf/utilities\pgfkeys.co
de.tex))
(C:\Users\黄朗\AppData\Local\Programs\MiKTeX\tex/latex/pgf/math\pgfmath.sty
(C:\Users\黄朗\AppData\Local\Programs\MiKTeX\tex/generic/pgf/math\pgfmath.code.te
x))
(C:\Users\黄朗\AppData\Local\Programs\MiKTeX\tex/generic/pgf/utilities\pgffor.cod
e.tex
Package: pgffor 2021/05/15 v3.1.9a (3.1.9a)

(C:\Users\黄朗\AppData\Local\Programs\MiKTeX\tex/generic/pgf/math\pgfmath.code.te
x)
\pgffor@iter=\dimen279
\pgffor@skip=\dimen280
\pgffor@stack=\toks33
\pgffor@toks=\toks34
))
(C:\Users\黄朗\AppData\Local\Programs\MiKTeX\tex/generic/pgf/frontendlayer/tikz\t
ikz.code.tex
Package: tikz 2021/05/15 v3.1.9a (3.1.9a)

(C:\Users\黄朗\AppData\Local\Programs\MiKTeX\tex/generic/pgf/libraries\pgflibrary
plothandlers.code.tex
File: pgflibraryplothandlers.code.tex 2021/05/15 v3.1.9a (3.1.9a)
\pgf@plot@mark@count=\count314
\pgfplotmarksize=\dimen281
)
\tikz@lastx=\dimen282
\tikz@lasty=\dimen283
\tikz@lastxsaved=\dimen284
\tikz@lastysaved=\dimen285
\tikz@lastmovetox=\dimen286
\tikz@lastmovetoy=\dimen287
\tikzleveldistance=\dimen288
\tikzsiblingdistance=\dimen289
\tikz@figbox=\box64
\tikz@figbox@bg=\box65
\tikz@tempbox=\box66
\tikz@tempbox@bg=\box67
\tikztreelevel=\count315
\tikznumberofchildren=\count316
\tikznumberofcurrentchild=\count317
\tikz@fig@count=\count318

(C:\Users\黄朗\AppData\Local\Programs\MiKTeX\tex/generic/pgf/modules\pgfmodulemat
rix.code.tex
File: pgfmodulematrix.code.tex 2021/05/15 v3.1.9a (3.1.9a)
\pgfmatrixcurrentrow=\count319
\pgfmatrixcurrentcolumn=\count320
\pgf@matrix@numberofcolumns=\count321
)
\tikz@expandcount=\count322

(C:\Users\黄朗\AppData\Local\Programs\MiKTeX\tex/generic/pgf/frontendlayer/tikz/l
ibraries\tikzlibrarytopaths.code.tex
File: tikzlibrarytopaths.code.tex 2021/05/15 v3.1.9a (3.1.9a)
)))
(C:\Users\黄朗\AppData\Local\Programs\MiKTeX\tex/latex/everypage\everypage.sty
Package: everypage 2020/10/17 R2.0b Hooks to run on every page


Package everypage Warning: Functionality similar to this package has recently
(everypage)                been implemented in LaTeX. This package is now in
(everypage)                legacy status.
(everypage)                Please, don't use it in new documents and packages.


Package everypage Warning: You appear to be running a version of LaTeX
(everypage)                providing the new functionality.
(everypage)                Doing the best to deliver the original `everypage`
(everypage)                interface on top of it. Strict equivalence is
(everypage)                not possible, breakage may occur.
(everypage)                If truly needed, Use `everypage-1x` to force the
(everypage)                loading of an older code base.

) (C:\Users\黄朗\AppData\Local\Programs\MiKTeX\tex/latex/tools\afterpage.sty
Package: afterpage 2014/10/28 v1.08 After-Page Package (DPC)
\AP@output=\toks35
\AP@partial=\box68
\AP@footins=\box69
))
(C:\Users\黄朗\AppData\Local\Programs\MiKTeX\tex/latex/booktabs\booktabs.sty
Package: booktabs 2020/01/12 v1.61803398 Publication quality tables
\heavyrulewidth=\dimen290
\lightrulewidth=\dimen291
\cmidrulewidth=\dimen292
\belowrulesep=\dimen293
\belowbottomsep=\dimen294
\aboverulesep=\dimen295
\abovetopsep=\dimen296
\cmidrulesep=\dimen297
\cmidrulekern=\dimen298
\defaultaddspace=\dimen299
\@cmidla=\count323
\@cmidlb=\count324
\@aboverulesep=\dimen300
\@belowrulesep=\dimen301
\@thisruleclass=\count325
\@lastruleclass=\count326
\@thisrulewidth=\dimen302
)
(C:\Users\黄朗\AppData\Local\Programs\MiKTeX\tex/latex/enumitem\enumitem.sty
Package: enumitem 2019/06/20 v3.9 Customized lists
\enitkv@toks@=\toks36
\labelindent=\skip62
\enit@outerparindent=\dimen303
\enit@toks=\toks37
\enit@inbox=\box70
\enit@count@id=\count327
\enitdp@description=\count328
)
(C:\Users\黄朗\AppData\Local\Programs\MiKTeX\tex/latex/geometry\geometry.sty
Package: geometry 2020/01/02 v5.9 Page Geometry

(C:\Users\黄朗\AppData\Local\Programs\MiKTeX\tex/generic/iftex\ifvtex.sty
Package: ifvtex 2019/10/25 v1.7 ifvtex legacy package. Use iftex instead.

(C:\Users\黄朗\AppData\Local\Programs\MiKTeX\tex/generic/iftex\iftex.sty
Package: iftex 2022/02/03 v1.0f TeX engine tests
))
\Gm@cnth=\count329
\Gm@cntv=\count330
\c@Gm@tempcnt=\count331
\Gm@bindingoffset=\dimen304
\Gm@wd@mp=\dimen305
\Gm@odd@mp=\dimen306
\Gm@even@mp=\dimen307
\Gm@layoutwidth=\dimen308
\Gm@layoutheight=\dimen309
\Gm@layouthoffset=\dimen310
\Gm@layoutvoffset=\dimen311
\Gm@dimlist=\toks38

(C:\Users\黄朗\AppData\Local\Programs\MiKTeX\tex/latex/geometry\geometry.cfg))
(C:\Users\黄朗\AppData\Local\Programs\MiKTeX\tex/latex/float\float.sty
Package: float 2001/11/08 v1.3d Float enhancements (AL)
\c@float@type=\count332
\float@exts=\toks39
\float@box=\box71
\@float@everytoks=\toks40
\@floatcapt=\box72
)
(C:\Users\黄朗\AppData\Local\Programs\MiKTeX\tex/latex/psnfss\mathptmx.sty
Package: mathptmx 2020/03/25 PSNFSS-v9.3 Times w/ Math, improved (SPQR, WaS) 
LaTeX Font Info:    Redeclaring symbol font `operators' on input line 28.
LaTeX Font Info:    Overwriting symbol font `operators' in version `normal'
(Font)                  OT1/cmr/m/n --> OT1/ztmcm/m/n on input line 28.
LaTeX Font Info:    Overwriting symbol font `operators' in version `bold'
(Font)                  OT1/cmr/bx/n --> OT1/ztmcm/m/n on input line 28.
LaTeX Font Info:    Redeclaring symbol font `letters' on input line 29.
LaTeX Font Info:    Overwriting symbol font `letters' in version `normal'
(Font)                  OML/cmm/m/it --> OML/ztmcm/m/it on input line 29.
LaTeX Font Info:    Overwriting symbol font `letters' in version `bold'
(Font)                  OML/cmm/b/it --> OML/ztmcm/m/it on input line 29.
LaTeX Font Info:    Redeclaring symbol font `symbols' on input line 30.
LaTeX Font Info:    Overwriting symbol font `symbols' in version `normal'
(Font)                  OMS/cmsy/m/n --> OMS/ztmcm/m/n on input line 30.
LaTeX Font Info:    Overwriting symbol font `symbols' in version `bold'
(Font)                  OMS/cmsy/b/n --> OMS/ztmcm/m/n on input line 30.
LaTeX Font Info:    Redeclaring symbol font `largesymbols' on input line 31.
LaTeX Font Info:    Overwriting symbol font `largesymbols' in version `normal'
(Font)                  OMX/cmex/m/n --> OMX/ztmcm/m/n on input line 31.
LaTeX Font Info:    Overwriting symbol font `largesymbols' in version `bold'
(Font)                  OMX/cmex/m/n --> OMX/ztmcm/m/n on input line 31.
\symbold=\mathgroup6
\symitalic=\mathgroup7
LaTeX Font Info:    Redeclaring math alphabet \mathbf on input line 34.
LaTeX Font Info:    Overwriting math alphabet `\mathbf' in version `normal'
(Font)                  OT1/cmr/bx/n --> OT1/ptm/bx/n on input line 34.
LaTeX Font Info:    Overwriting math alphabet `\mathbf' in version `bold'
(Font)                  OT1/cmr/bx/n --> OT1/ptm/bx/n on input line 34.
LaTeX Font Info:    Redeclaring math alphabet \mathit on input line 35.
LaTeX Font Info:    Overwriting math alphabet `\mathit' in version `normal'
(Font)                  OT1/cmr/m/it --> OT1/ptm/m/it on input line 35.
LaTeX Font Info:    Overwriting math alphabet `\mathit' in version `bold'
(Font)                  OT1/cmr/bx/it --> OT1/ptm/m/it on input line 35.
LaTeX Info: Redefining \hbar on input line 50.
)
(C:\Users\黄朗\AppData\Local\Programs\MiKTeX\tex/latex/tcolorbox\tcolorbox.sty
Package: tcolorbox 2022/06/24 version 5.1.1 text color boxes

(C:\Users\黄朗\AppData\Local\Programs\MiKTeX\tex/latex/tools\verbatim.sty
Package: verbatim 2020-07-07 v1.5u LaTeX2e package for verbatim enhancements
\every@verbatim=\toks41
\verbatim@line=\toks42
\verbatim@in@stream=\read3
)
(C:\Users\黄朗\AppData\Local\Programs\MiKTeX\tex/latex/environ\environ.sty
Package: environ 2014/05/04 v0.3 A new way to define environments

(C:\Users\黄朗\AppData\Local\Programs\MiKTeX\tex/latex/trimspaces\trimspaces.sty
Package: trimspaces 2009/09/17 v1.1 Trim spaces around a token list
)) (C:\Users\黄朗\AppData\Local\Programs\MiKTeX\tex/latex/etoolbox\etoolbox.sty
Package: etoolbox 2020/10/05 v2.5k e-TeX tools for LaTeX (JAW)
\etb@tempcnta=\count333
)
\tcb@titlebox=\box73
\tcb@upperbox=\box74
\tcb@lowerbox=\box75
\tcb@phantombox=\box76
\c@tcbbreakpart=\count334
\c@tcblayer=\count335
\c@tcolorbox@number=\count336
\tcb@temp=\box77
\tcb@temp=\box78
\tcb@temp=\box79
\tcb@temp=\box80
)
(C:\Users\黄朗\AppData\Local\Programs\MiKTeX\tex/latex/psnfss\times.sty
Package: times 2020/03/25 PSNFSS-v9.3 (SPQR) 
)
(C:\Users\黄朗\AppData\Local\Programs\MiKTeX\tex/generic/pgf/frontendlayer/tikz/l
ibraries\tikzlibrarypositioning.code.tex
File: tikzlibrarypositioning.code.tex 2021/05/15 v3.1.9a (3.1.9a)
)
(C:\Users\黄朗\AppData\Local\Programs\MiKTeX\tex/generic/pgf/libraries\pgflibrary
arrows.meta.code.tex
File: pgflibraryarrows.meta.code.tex 2021/05/15 v3.1.9a (3.1.9a)
\pgfarrowinset=\dimen312
\pgfarrowlength=\dimen313
\pgfarrowwidth=\dimen314
\pgfarrowlinewidth=\dimen315
)
(C:\Users\黄朗\AppData\Local\Programs\MiKTeX\tex/generic/pgf/frontendlayer/tikz/l
ibraries\tikzlibraryshapes.misc.code.tex
File: tikzlibraryshapes.misc.code.tex 2021/05/15 v3.1.9a (3.1.9a)

(C:\Users\黄朗\AppData\Local\Programs\MiKTeX\tex/generic/pgf/libraries/shapes\pgf
libraryshapes.misc.code.tex
File: pgflibraryshapes.misc.code.tex 2021/05/15 v3.1.9a (3.1.9a)
))

Package xeCJK Warning: Redefining CJKfamily `\CJKrmdefault' (SimSun(0)).


Package fontspec Info: Could not resolve font "方正苏新诗柳楷简体/B" (it probably
(fontspec)             doesn't exist).


Package fontspec Info: Could not resolve font "汉仪文黑-85W/I" (it probably
(fontspec)             doesn't exist).


Package fontspec Info: Could not resolve font "汉仪文黑-55W/BI" (it probably
(fontspec)             doesn't exist).

LaTeX Font Info:    Trying to load font information for TU+ptm on input line 20
.
LaTeX Font Info:    No file TUptm.fd. on input line 20.

LaTeX Font Warning: Font shape `TU/ptm/m/n' undefined
(Font)              using `TU/lmr/m/n' instead on input line 20.


Package fontspec Info: Font family '汉仪文黑-55W(0)' created for font '汉仪文黑-55W'
(fontspec)             with options
(fontspec)             [Script={CJK},BoldFont={汉仪文黑-85W},ItalicFont={方正苏新诗柳楷简体}
].
(fontspec)              
(fontspec)              This font family consists of the following NFSS
(fontspec)             series/shapes:
(fontspec)              
(fontspec)             - 'normal' (m/n) with NFSS spec.:
(fontspec)             <->"汉仪文黑-55W/OT:script=hani;language=dflt;"
(fontspec)             - 'small caps'  (m/sc) with NFSS spec.: 
(fontspec)             - 'bold' (b/n) with NFSS spec.:
(fontspec)             <->"汉仪文黑-85W/OT:script=hani;language=dflt;"
(fontspec)             - 'bold small caps'  (b/sc) with NFSS spec.: 
(fontspec)             - 'italic' (m/it) with NFSS spec.:
(fontspec)             <->"方正苏新诗柳楷简体/OT:script=hani;language=dflt;"
(fontspec)             - 'italic small caps'  (m/scit) with NFSS spec.: 


Package fontspec Info: Font family 'CenturySchoolbook(0)' created for font
(fontspec)             'Century Schoolbook' with options [].
(fontspec)              
(fontspec)              This font family consists of the following NFSS
(fontspec)             series/shapes:
(fontspec)              
(fontspec)             - 'normal' (m/n) with NFSS spec.: <->"Century
(fontspec)             Schoolbook/OT:language=dflt;"
(fontspec)             - 'small caps'  (m/sc) with NFSS spec.: 
(fontspec)             - 'bold' (b/n) with NFSS spec.: <->"Century
(fontspec)             Schoolbook/B/OT:language=dflt;"
(fontspec)             - 'bold small caps'  (b/sc) with NFSS spec.: 
(fontspec)             - 'italic' (m/it) with NFSS spec.: <->"Century
(fontspec)             Schoolbook/I/OT:language=dflt;"
(fontspec)             - 'italic small caps'  (m/scit) with NFSS spec.: 
(fontspec)             - 'bold italic' (b/it) with NFSS spec.: <->"Century
(fontspec)             Schoolbook/BI/OT:language=dflt;"
(fontspec)             - 'bold italic small caps'  (b/scit) with NFSS spec.: 


Package fontspec Info: Font family 'TimesNewRoman(0)' created for font 'Times
(fontspec)             New Roman' with options [].
(fontspec)              
(fontspec)              This font family consists of the following NFSS
(fontspec)             series/shapes:
(fontspec)              
(fontspec)             - 'normal' (m/n) with NFSS spec.: <->"Times New
(fontspec)             Roman/OT:script=latn;language=dflt;"
(fontspec)             - 'small caps'  (m/sc) with NFSS spec.: <->"Times New
(fontspec)             Roman/OT:script=latn;language=dflt;+smcp;"
(fontspec)             - 'bold' (b/n) with NFSS spec.: <->"Times New
(fontspec)             Roman/B/OT:script=latn;language=dflt;"
(fontspec)             - 'bold small caps'  (b/sc) with NFSS spec.: <->"Times
(fontspec)             New Roman/B/OT:script=latn;language=dflt;+smcp;"
(fontspec)             - 'italic' (m/it) with NFSS spec.: <->"Times New
(fontspec)             Roman/I/OT:script=latn;language=dflt;"
(fontspec)             - 'italic small caps'  (m/scit) with NFSS spec.:
(fontspec)             <->"Times New
(fontspec)             Roman/I/OT:script=latn;language=dflt;+smcp;"
(fontspec)             - 'bold italic' (b/it) with NFSS spec.: <->"Times New
(fontspec)             Roman/BI/OT:script=latn;language=dflt;"
(fontspec)             - 'bold italic small caps'  (b/scit) with NFSS spec.:
(fontspec)             <->"Times New
(fontspec)             Roman/BI/OT:script=latn;language=dflt;+smcp;"


Package fontspec Info: Font family 'TimesNewRoman(1)' created for font 'Times
(fontspec)             New Roman' with options [Ligatures=TeX].
(fontspec)              
(fontspec)              This font family consists of the following NFSS
(fontspec)             series/shapes:
(fontspec)              
(fontspec)             - 'normal' (m/n) with NFSS spec.: <->"Times New
(fontspec)             Roman/OT:script=latn;language=dflt;mapping=tex-text;"
(fontspec)             - 'small caps'  (m/sc) with NFSS spec.: <->"Times New
(fontspec)             Roman/OT:script=latn;language=dflt;+smcp;mapping=tex-tex
t;"
(fontspec)             - 'bold' (b/n) with NFSS spec.: <->"Times New
(fontspec)             Roman/B/OT:script=latn;language=dflt;mapping=tex-text;"
(fontspec)             - 'bold small caps'  (b/sc) with NFSS spec.: <->"Times
(fontspec)             New
(fontspec)             Roman/B/OT:script=latn;language=dflt;+smcp;mapping=tex-t
ext;"
(fontspec)             - 'italic' (m/it) with NFSS spec.: <->"Times New
(fontspec)             Roman/I/OT:script=latn;language=dflt;mapping=tex-text;"
(fontspec)             - 'italic small caps'  (m/scit) with NFSS spec.:
(fontspec)             <->"Times New
(fontspec)             Roman/I/OT:script=latn;language=dflt;+smcp;mapping=tex-t
ext;"
(fontspec)             - 'bold italic' (b/it) with NFSS spec.: <->"Times New
(fontspec)             Roman/BI/OT:script=latn;language=dflt;mapping=tex-text;"

(fontspec)             - 'bold italic small caps'  (b/scit) with NFSS spec.:
(fontspec)             <->"Times New
(fontspec)             Roman/BI/OT:script=latn;language=dflt;+smcp;mapping=tex-
text;"


Class ctexart Warning: Command `\CTEXsetup' is deprecated.
(ctexart)              \ctexset { section = { format = {\centering \bfseries
(ctexart)              \large }, beforeskip = 1pt, afterskip = 0pt } } is set.

(「知识小料」·其十一.aux)
\openout1 = `「知识小料」·其十一.aux'.

LaTeX Font Info:    Checking defaults for OML/cmm/m/it on input line 59.
LaTeX Font Info:    ... okay on input line 59.
LaTeX Font Info:    Checking defaults for OMS/cmsy/m/n on input line 59.
LaTeX Font Info:    ... okay on input line 59.
LaTeX Font Info:    Checking defaults for OT1/cmr/m/n on input line 59.
LaTeX Font Info:    ... okay on input line 59.
LaTeX Font Info:    Checking defaults for T1/cmr/m/n on input line 59.
LaTeX Font Info:    ... okay on input line 59.
LaTeX Font Info:    Checking defaults for TS1/cmr/m/n on input line 59.
LaTeX Font Info:    ... okay on input line 59.
LaTeX Font Info:    Checking defaults for TU/lmr/m/n on input line 59.
LaTeX Font Info:    ... okay on input line 59.
LaTeX Font Info:    Checking defaults for OMX/cmex/m/n on input line 59.
LaTeX Font Info:    ... okay on input line 59.
LaTeX Font Info:    Checking defaults for U/cmr/m/n on input line 59.
LaTeX Font Info:    ... okay on input line 59.

*geometry* driver: auto-detecting
*geometry* detected driver: xetex
*geometry* verbose mode - [ preamble ] result:
* driver: xetex
* paper: a5paper
* layout: <same size as paper>
* layoutoffset:(h,v)=(0.0pt,0.0pt)
* modes: 
* h-part:(L,W,R)=(28.45274pt, 364.1953pt, 28.45274pt)
* v-part:(T,H,B)=(2.84544pt, 566.20969pt, 28.45274pt)
* \paperwidth=421.10078pt
* \paperheight=597.50787pt
* \textwidth=364.1953pt
* \textheight=566.20969pt
* \oddsidemargin=-43.81725pt
* \evensidemargin=-43.81725pt
* \topmargin=-106.42455pt
* \headheight=12.0pt
* \headsep=25.0pt
* \topskip=10.0pt
* \footskip=8.5359pt
* \marginparwidth=65.0pt
* \marginparsep=2.84544pt
* \columnsep=10.0pt
* \skip\footins=9.0pt plus 4.0pt minus 2.0pt
* \hoffset=0.0pt
* \voffset=0.0pt
* \mag=1000
* \@twocolumnfalse
* \@twosidefalse
* \@mparswitchfalse
* \@reversemargintrue
* (1in=72.27pt=25.4mm, 1cm=28.453pt)


Package fontspec Info: Could not resolve font "思源宋体 CN Heavy/I" (it probably
(fontspec)             doesn't exist).


Package fontspec Info: Font family '思源宋体CNHeavy(0)' created for font '思源宋体 CN
(fontspec)             Heavy' with options [Script={CJK}].
(fontspec)              
(fontspec)              This font family consists of the following NFSS
(fontspec)             series/shapes:
(fontspec)              
(fontspec)             - 'normal' (m/n) with NFSS spec.: <->"思源宋体 CN
(fontspec)             Heavy/OT:script=hani;language=dflt;"
(fontspec)             - 'small caps'  (m/sc) with NFSS spec.: 
(fontspec)             - 'bold' (b/n) with NFSS spec.: <->"思源宋体 CN
(fontspec)             Heavy/B/OT:script=hani;language=dflt;"
(fontspec)             - 'bold small caps'  (b/sc) with NFSS spec.: 
(fontspec)             - 'bold italic' (b/it) with NFSS spec.: <->"思源宋体 CN
(fontspec)             Heavy/BI/OT:script=hani;language=dflt;"
(fontspec)             - 'bold italic small caps'  (b/scit) with NFSS spec.: 

LaTeX Font Info:    Font shape `TU/CenturySchoolbook(0)/m/sl' in size <26.09749
> not available
(Font)              Font shape `TU/CenturySchoolbook(0)/m/it' tried instead on 
input line 80.
LaTeX Font Info:    Font shape `TU/CenturySchoolbook(0)/b/sl' in size <26.09749
> not available
(Font)              Font shape `TU/CenturySchoolbook(0)/b/it' tried instead on 
input line 80.
LaTeX Font Info:    Trying to load font information for OT1+ztmcm on input line
 96.
(C:\Users\黄朗\AppData\Local\Programs\MiKTeX\tex/latex/psnfss\ot1ztmcm.fd
File: ot1ztmcm.fd 2000/01/03 Fontinst v1.801 font definitions for OT1/ztmcm.
)
LaTeX Font Info:    Trying to load font information for OML+ztmcm on input line
 96.

(C:\Users\黄朗\AppData\Local\Programs\MiKTeX\tex/latex/psnfss\omlztmcm.fd
File: omlztmcm.fd 2000/01/03 Fontinst v1.801 font definitions for OML/ztmcm.
)
LaTeX Font Info:    Trying to load font information for OMS+ztmcm on input line
 96.

(C:\Users\黄朗\AppData\Local\Programs\MiKTeX\tex/latex/psnfss\omsztmcm.fd
File: omsztmcm.fd 2000/01/03 Fontinst v1.801 font definitions for OMS/ztmcm.
)
LaTeX Font Info:    Trying to load font information for OMX+ztmcm on input line
 96.

(C:\Users\黄朗\AppData\Local\Programs\MiKTeX\tex/latex/psnfss\omxztmcm.fd
File: omxztmcm.fd 2000/01/03 Fontinst v1.801 font definitions for OMX/ztmcm.
)
LaTeX Font Info:    Trying to load font information for OT1+ptm on input line 9
6.

(C:\Users\黄朗\AppData\Local\Programs\MiKTeX\tex/latex/psnfss\ot1ptm.fd
File: ot1ptm.fd 2001/06/04 font definitions for OT1/ptm.
)
LaTeX Font Info:    Font shape `OT1/ptm/bx/n' in size <10.53937> not available
(Font)              Font shape `OT1/ptm/b/n' tried instead on input line 96.
LaTeX Font Info:    Font shape `OT1/ptm/bx/n' in size <7> not available
(Font)              Font shape `OT1/ptm/b/n' tried instead on input line 96.
LaTeX Font Info:    Font shape `OT1/ptm/bx/n' in size <5> not available
(Font)              Font shape `OT1/ptm/b/n' tried instead on input line 96.

Package fontspec Info: Could not resolve font "FangSong/BI" (it probably
(fontspec)             doesn't exist).


Package fontspec Info: Could not resolve font "FangSong/B" (it probably
(fontspec)             doesn't exist).


Package fontspec Info: Could not resolve font "FangSong/I" (it probably
(fontspec)             doesn't exist).

LaTeX Font Info:    Trying to load font information for TU+pcr on input line 10
2.
LaTeX Font Info:    No file TUpcr.fd. on input line 102.


LaTeX Font Warning: Font shape `TU/pcr/m/n' undefined
(Font)              using `TU/lmr/m/n' instead on input line 102.


Package fontspec Info: Font family 'FangSong(0)' created for font 'FangSong'
(fontspec)             with options [Script={CJK}].
(fontspec)              
(fontspec)              This font family consists of the following NFSS
(fontspec)             series/shapes:
(fontspec)              
(fontspec)             - 'normal' (m/n) with NFSS spec.:
(fontspec)             <->"FangSong/OT:script=hani;language=dflt;"
(fontspec)             - 'small caps'  (m/sc) with NFSS spec.: 

LaTeX Font Info:    Font shape `OT1/ptm/bx/n' in size <9.03374> not available
(Font)              Font shape `OT1/ptm/b/n' tried instead on input line 104.
LaTeX Font Info:    Font shape `OT1/ptm/bx/n' in size <6> not available
(Font)              Font shape `OT1/ptm/b/n' tried instead on input line 104.
LaTeX Font Info:    Font shape `TU/TimesNewRoman(1)/m/sl' in size <10.53937> no
t available
(Font)              Font shape `TU/TimesNewRoman(1)/m/it' tried instead on inpu
t line 138.
LaTeX Font Info:    Font shape `TU/汉仪文黑-55W(0)/m/sl' in size <10.53937> not ava
ilable
(Font)              Font shape `TU/汉仪文黑-55W(0)/m/it' tried instead on input lin
e 138.
File: 上半示例.png Graphic file (type bmp)
<上半示例.png>
File: 上半示例.png Graphic file (type bmp)
<上半示例.png>
[1

]
Overfull \hbox (13.54446pt too wide) in paragraph at lines 176--177
[][]\TU/汉仪文黑-55W(0)/m/n/9.03374 举 例：| $\OML/ztmcm/m/it/9.03374 m \OT1/ztmcm/m/n
/9.03374 = 3$\TU/汉仪文黑-55W(0)/m/n/9.03374 ，|  比 如 模 \TU/TimesNewRoman(1)/m/n/9.0
3374 3 \TU/汉仪文黑-55W(0)/m/n/9.03374 余 数 都 为 \TU/TimesNewRoman(1)/m/n/9.03374 0 \
TU/汉仪文黑-55W(0)/m/n/9.03374 的 那 些 整 数 有 $\OMS/ztmcm/m/n/9.03374 ^^@\OT1/ztmcm/m/
n/9.03374 3\OML/ztmcm/m/it/9.03374 ; \OT1/ztmcm/m/n/9.03374 0\OML/ztmcm/m/it/9.
03374 ; \OT1/ztmcm/m/n/9.03374 3\OML/ztmcm/m/it/9.03374 ; \OT1/ztmcm/m/n/9.0337
4 6\OML/ztmcm/m/it/9.03374 ; [] $\TU/汉仪文黑-55W(0)/m/n/9.03374 ，|  我 们 说 $\OT1/zt
mcm/m/n/9.03374 [0] = \OMS/ztmcm/m/n/9.03374 f^^@\OT1/ztmcm/m/n/9.03374 3\OML/z
tmcm/m/it/9.03374 ; \OT1/ztmcm/m/n/9.03374 0\OML/ztmcm/m/it/9.03374 ; \OT1/ztmc
m/m/n/9.03374 3\OML/ztmcm/m/it/9.03374 ; \OT1/ztmcm/m/n/9.03374 6\OML/ztmcm/m/i
t/9.03374 ; [] \OMS/ztmcm/m/n/9.03374 g$\TU/汉仪文黑-55W(0)/m/n/9.03374 ，|
 []


Overfull \hbox (9.82649pt too wide) in paragraph at lines 176--177
\TU/汉仪文黑-55W(0)/m/n/9.03374 再 比 如 $\OT1/ztmcm/m/n/9.03374 [1] = \OMS/ztmcm/m/n/
9.03374 f^^@\OT1/ztmcm/m/n/9.03374 2\OML/ztmcm/m/it/9.03374 ; \OT1/ztmcm/m/n/9.
03374 1\OML/ztmcm/m/it/9.03374 ; \OT1/ztmcm/m/n/9.03374 4\OML/ztmcm/m/it/9.0337
4 ; \OT1/ztmcm/m/n/9.03374 7\OML/ztmcm/m/it/9.03374 ; [] \OMS/ztmcm/m/n/9.03374
 g$\TU/汉仪文黑-55W(0)/m/n/9.03374 ，| $\OT1/ztmcm/m/n/9.03374 [2] = \OMS/ztmcm/m/n/
9.03374 f^^@\OT1/ztmcm/m/n/9.03374 1\OML/ztmcm/m/it/9.03374 ; \OT1/ztmcm/m/n/9.
03374 2\OML/ztmcm/m/it/9.03374 ; \OT1/ztmcm/m/n/9.03374 5\OML/ztmcm/m/it/9.0337
4 ; \OT1/ztmcm/m/n/9.03374 8\OML/ztmcm/m/it/9.03374 ; [] \OMS/ztmcm/m/n/9.03374
 g$\TU/汉仪文黑-55W(0)/m/n/9.03374 。|  事 实 上 模 \TU/TimesNewRoman(1)/m/n/9.03374 3 \
TU/汉仪文黑-55W(0)/m/n/9.03374 剩 余 类 共 有 \TU/TimesNewRoman(1)/m/n/9.03374 3 \TU/汉仪文
黑-55W(0)/m/n/9.03374 个：| $\OT1/ztmcm/m/n/9.03374 [0]\OML/ztmcm/m/it/9.03374 ; \
OT1/ztmcm/m/n/9.03374 [1]\OML/ztmcm/m/it/9.03374 ; \OT1/ztmcm/m/n/9.03374 [2]$\
TU/汉仪文黑-55W(0)/m/n/9.03374 。|
 []

File: 空白示例.png Graphic file (type bmp)
<空白示例.png>
File: 空白示例.png Graphic file (type bmp)
<空白示例.png>
[2]
File: 下半示例.png Graphic file (type bmp)
<下半示例.png>
File: 下半示例.png Graphic file (type bmp)
<下半示例.png>
 [3] (「知识小料」·其十一.aux)

LaTeX Font Warning: Some font shapes were not available, defaults substituted.

 ) 
Here is how much of TeX's memory you used:
 24136 strings out of 410536
 586364 string characters out of 2814001
 906817 words of memory out of 3000000
 44855 multiletter control sequences out of 15000+600000
 487099 words of font info for 146 fonts, out of 8000000 for 9000
 1348 hyphenation exceptions out of 8191
 115i,10n,118p,482b,679s stack positions out of 10000i,1000n,20000p,200000b,80000s

Output written on 「知识小料」·其十一.pdf (3 pages).
