\BOOKMARK [1][-]{section.1}{\376\377\151\202\217\360}{}% 1
\BOOKMARK [2][-]{subsection.1.1}{\376\377\217\157\116\366\135\345\172\013\060\001\217\157\116\366\123\161\147\072}{section.1}% 2
\BOOKMARK [2][-]{subsection.1.2}{\376\377\217\157\116\366\165\037\124\175\124\150\147\037\173\111}{section.1}% 3
\BOOKMARK [1][-]{section.2}{\376\377\217\157\116\366\133\232\116\111\000\267\123\357\210\114\140\047\170\024\172\166}{}% 4
\BOOKMARK [2][-]{subsection.2.1}{\376\377\117\125\116\072\123\357\210\114\140\047\170\024\172\166}{section.2}% 5
\BOOKMARK [2][-]{subsection.2.2}{\376\377\124\004\171\315\126\376\210\150}{section.2}% 6
\BOOKMARK [2][-]{subsection.2.3}{\376\377\142\020\147\054\000/\145\110\166\312\122\006\147\220}{section.2}% 7
\BOOKMARK [1][-]{section.3}{\376\377\217\157\116\366\133\232\116\111\000\267\227\000\154\102\122\006\147\220}{}% 8
\BOOKMARK [2][-]{subsection.3.1}{\376\377\117\125\116\072\227\000\154\102\122\006\147\220}{section.3}% 9
\BOOKMARK [2][-]{subsection.3.2}{\376\377\176\323\147\204\123\026\122\006\147\220\145\271\154\325\000\050\000S\000A\000\051}{section.3}% 10
\BOOKMARK [2][-]{subsection.3.3}{\376\377\227\000\154\102\122\006\147\220\136\070\165\050\126\376\137\142}{section.3}% 11
\BOOKMARK [2][-]{subsection.3.4}{\376\377\147\054\172\340\133\236\117\213}{section.3}% 12
\BOOKMARK [1][-]{section.4}{\376\377\217\157\116\366\137\000\123\321\000\267\140\073\117\123\213\276\213\241}{}% 13
\BOOKMARK [2][-]{subsection.4.1}{\376\377\213\276\213\241\217\307\172\013}{section.4}% 14
\BOOKMARK [2][-]{subsection.4.2}{\376\377\213\276\213\241\123\237\164\006}{section.4}% 15
\BOOKMARK [3][-]{subsubsection.4.2.1}{\376\377\200\046\124\010}{subsection.4.2}% 16
\BOOKMARK [3][-]{subsubsection.4.2.2}{\376\377\121\205\200\132}{subsection.4.2}% 17
\BOOKMARK [2][-]{subsection.4.3}{\376\377\124\057\123\321\211\304\122\031}{section.4}% 18
\BOOKMARK [2][-]{subsection.4.4}{\376\377\126\376\137\142\135\345\121\167\060\001\227\142\124\021\145\160\143\156\155\101\213\276\213\241\145\271\154\325}{section.4}% 19
\BOOKMARK [1][-]{section.5}{\376\377\217\157\116\366\137\000\123\321\000\267\213\346\176\306\213\276\213\241}{}% 20
\BOOKMARK [2][-]{subsection.5.1}{\376\377\176\323\147\204\172\013\136\217\213\276\213\241}{section.5}% 21
\BOOKMARK [2][-]{subsection.5.2}{\376\377\116\272\147\072\165\114\227\142\213\276\213\241}{section.5}% 22
\BOOKMARK [2][-]{subsection.5.3}{\376\377\213\346\176\306\213\276\213\241\166\204\135\345\121\167}{section.5}% 23
\BOOKMARK [1][-]{section.6}{\376\377\217\157\116\366\137\000\123\321\000\267\177\026\170\001}{}% 24
\BOOKMARK [1][-]{section.7}{\376\377\217\157\116\366\137\000\123\321\116\016\176\364\142\244\000\267\155\113\213\325}{}% 25
\BOOKMARK [2][-]{subsection.7.1}{\376\377\123\125\121\103\155\113\213\325}{section.7}% 26
\BOOKMARK [2][-]{subsection.7.2}{\376\377\226\306\142\020\155\113\213\325\116\016\170\156\213\244\155\113\213\325}{section.7}% 27
\BOOKMARK [2][-]{subsection.7.3}{\376\377\166\175\166\322\155\113\213\325\116\016\236\321\166\322\155\113\213\325}{section.7}% 28
\BOOKMARK [1][-]{section.8}{\376\377\217\157\116\366\176\364\142\244\000\267\176\364\142\244}{}% 29
\BOOKMARK [1][-]{section.9}{\376\377\227\142\124\021\133\371\214\141\145\271\154\325\133\146}{}% 30
\BOOKMARK [2][-]{subsection.9.1}{\376\377\117\125\116\072\227\142\124\021\133\371\214\141\145\271\154\325\133\146}{section.9}% 31
\BOOKMARK [2][-]{subsection.9.2}{\376\377\133\371\214\141\152\041\127\213}{section.9}% 32
\BOOKMARK [2][-]{subsection.9.3}{\376\377\122\250\140\001\152\041\127\213\060\001\122\237\200\375\152\041\127\213}{section.9}% 33
\BOOKMARK [1][-]{section.10}{\376\377\176\337\116\000\136\372\152\041\213\355\212\000\000\050\000U\000M\000L\000\051}{}% 34
