\BOOKMARK [1][-]{section.1}{\376\377\0001\000\040\177\026\213\321\060\001\177\026\213\321\126\150}{}% 1
\BOOKMARK [1][-]{section.2}{\376\377\0002\000\040\213\315\154\325\122\006\147\220\000\267\131\047\176\262}{}% 2
\BOOKMARK [2][-]{subsection.2.1}{\376\377\0002\000.\0001\000\040\213\315\154\325\122\006\147\220\166\204\116\373\122\241}{section.2}% 3
\BOOKMARK [2][-]{subsection.2.2}{\376\377\0002\000.\0002\000\040\153\143\122\031\210\150\217\276\137\017\000\050\000R\000E\000\051}{section.2}% 4
\BOOKMARK [2][-]{subsection.2.3}{\376\377\0002\000.\0003\000\040\147\011\226\120\162\266\140\001\201\352\122\250\147\072\000\050\000F\000A\000\051}{section.2}% 5
\BOOKMARK [1][-]{section.3}{\376\377\0003\000\040\213\315\154\325\122\006\147\220\000\267\201\352\122\250\165\037\142\020}{}% 6
\BOOKMARK [2][-]{subsection.3.1}{\376\377\0003\000.\0001\000\040\000R\000E\041\222\000N\000F\000A\377\032\000T\000h\000o\000m\000p\000s\000o\000n\173\227\154\325}{section.3}% 7
\BOOKMARK [2][-]{subsection.3.2}{\376\377\0003\000.\0002\000\040\000N\000F\000A\041\222\000D\000F\000A\377\032\133\120\226\306\147\204\220\040\173\227\154\325}{section.3}% 8
\BOOKMARK [2][-]{subsection.3.3}{\376\377\0003\000.\0003\000\040\000D\000F\000A\041\222\213\315\154\325\122\006\147\220\126\150\116\343\170\001\377\032\000H\000o\000p\000c\000r\000a\000f\000t\147\000\134\017\123\026\173\227\154\325}{section.3}% 9
\BOOKMARK [2][-]{subsection.3.4}{\376\377\0003\000.\0004\000\040\213\315\154\325\122\006\147\220\166\204\232\161\122\250\116\343\170\001}{section.3}% 10
\BOOKMARK [1][-]{section.4}{\376\377\0004\000\040\213\355\154\325\122\006\147\220\000\267\131\047\176\262}{}% 11
\BOOKMARK [2][-]{subsection.4.1}{\376\377\0004\000.\0001\000\040\213\355\154\325\122\006\147\220\166\204\116\373\122\241}{section.4}% 12
\BOOKMARK [2][-]{subsection.4.2}{\376\377\0004\000.\0002\000\040\116\012\116\013\145\207\145\340\121\163\145\207\154\325}{section.4}% 13
\BOOKMARK [2][-]{subsection.4.3}{\376\377\0004\000.\0003\000\040\122\006\147\220\150\021\116\016\116\214\116\111\140\047\145\207\154\325}{section.4}% 14
\BOOKMARK [1][-]{section.5}{\376\377\0005\000\040\213\355\154\325\122\006\147\220\000\267\201\352\230\166\124\021\116\013}{}% 15
\BOOKMARK [2][-]{subsection.5.1}{\376\377\0005\000.\0001\000\040\201\352\230\166\124\021\116\013\122\006\147\220}{section.5}% 16
\BOOKMARK [2][-]{subsection.5.2}{\376\377\0005\000.\0002\000\040\220\022\137\122\116\013\226\115\122\006\147\220}{section.5}% 17
\BOOKMARK [2][-]{subsection.5.3}{\376\377\0005\000.\0003\000\040\000L\000L\000\050\0001\000\051\173\227\154\325}{section.5}% 18
\BOOKMARK [1][-]{section.6}{\376\377\0006\000\040\213\355\154\325\122\006\147\220\000\267\201\352\136\225\124\021\116\012}{}% 19
\BOOKMARK [2][-]{subsection.6.1}{\376\377\0006\000.\0001\000\040\000L\000R\000\050\0000\000\051\173\227\154\325}{section.6}% 20
\BOOKMARK [2][-]{subsection.6.2}{\376\377\0006\000.\0002\000\040\000S\000L\000R\000\050\0001\000\051\173\227\154\325}{section.6}% 21
\BOOKMARK [2][-]{subsection.6.3}{\376\377\0006\000.\0003\000\040\000L\000R\000\050\0001\000\051\000\040\173\227\154\325}{section.6}% 22
\BOOKMARK [2][-]{subsection.6.4}{\376\377\0006\000.\0004\000\040\145\207\154\325\166\204\122\044\122\053}{section.6}% 23
\BOOKMARK [1][-]{section.7}{\376\377\0007\000\040\142\275\214\141\213\355\154\325\150\021}{}% 24
\BOOKMARK [2][-]{subsection.7.1}{\376\377\0007\000.\0001\000\040\213\355\154\325\122\066\133\374\177\373\213\321}{section.7}% 25
\BOOKMARK [2][-]{subsection.7.2}{\376\377\0007\000.\0002\000\040\142\275\214\141\213\355\154\325\150\021}{section.7}% 26
\BOOKMARK [1][-]{section.8}{\376\377\0008\000\040\213\355\116\111\122\006\147\220}{}% 27
\BOOKMARK [2][-]{subsection.8.1}{\376\377\0008\000.\0001\000\040\213\355\116\111\122\006\147\220\166\204\116\373\122\241}{section.8}% 28
\BOOKMARK [2][-]{subsection.8.2}{\376\377\0008\000.\0002\000\040\173\046\123\367\210\150}{section.8}% 29
\BOOKMARK [1][-]{section.9}{\376\377\0009\000\040\116\343\170\001\165\037\142\020\116\016\117\030\123\026}{}% 30
\BOOKMARK [2][-]{subsection.9.1}{\376\377\0009\000.\0001\000\040\116\343\170\001\165\037\142\020\000\267\150\010\137\017\213\241\173\227\147\072}{section.9}% 31
\BOOKMARK [2][-]{subsection.9.2}{\376\377\0009\000.\0002\000\040\116\343\170\001\165\037\142\020\000\267\133\304\133\130\126\150\137\017\213\241\173\227\147\072}{section.9}% 32
\BOOKMARK [2][-]{subsection.9.3}{\376\377\0009\000.\0003\000\040\116\055\225\364\210\150\171\072}{section.9}% 33
\BOOKMARK [2][-]{subsection.9.4}{\376\377\0009\000.\0004\000\040\145\160\143\156\155\101\122\006\147\220}{section.9}% 34
\BOOKMARK [2][-]{subsection.9.5}{\376\377\0009\000.\0005\000\040\116\343\170\001\117\030\123\026}{section.9}% 35
